current directory: /Users/buhe/code/gitHub/rust_os_study/.vendor/bundle/ruby/2.6.0/gems/serialport-1.3.1/ext/native
/System/Library/Frameworks/Ruby.framework/Versions/2.6/usr/bin/ruby -I /System/Library/Frameworks/Ruby.framework/Versions/2.6/usr/lib/ruby/2.6.0 -r ./siteconf20210718-13190-zujymn.rb extconf.rb
checking for OS... darwin
checking for termios.h... yes
checking for unistd.h... yes
creating Makefile

current directory: /Users/buhe/code/gitHub/rust_os_study/.vendor/bundle/ruby/2.6.0/gems/serialport-1.3.1/ext/native
make "DESTDIR=" clean

current directory: /Users/buhe/code/gitHub/rust_os_study/.vendor/bundle/ruby/2.6.0/gems/serialport-1.3.1/ext/native
make "DESTDIR="
compiling posix_serialport_impl.c
posix_serialport_impl.c:114:13: warning: incompatible pointer to integer conversion passing 'struct RFile *' to parameter of type 'VALUE' (aka 'unsigned long') [-Wint-conversion]
   OBJSETUP(sp, class, T_FILE);
            ^~
/Library/Developer/CommandLineTools/SDKs/MacOSX.sdk/System/Library/Frameworks/Ruby.framework/Versions/2.6/usr/include/ruby-2.6.0/ruby/ruby.h:785:40: note: expanded from macro 'OBJSETUP'
#define OBJSETUP(obj,c,t) rb_obj_setup(obj, c, t) /* use NEWOBJ_OF instead of NEWOBJ()+OBJSETUP() */
                                       ^~~
/Library/Developer/CommandLineTools/SDKs/MacOSX.sdk/System/Library/Frameworks/Ruby.framework/Versions/2.6/usr/include/ruby-2.6.0/ruby/ruby.h:780:26: note: passing argument to parameter 'obj' here
VALUE rb_obj_setup(VALUE obj, VALUE klass, VALUE type);
                         ^
1 warning generated.
compiling serialport.c
compiling win_serialport_impl.c
linking shared-object serialport.bundle
ld: warning: directory not found for option '-L/Applications/Xcode.app/Contents/Developer/Platforms/MacOSX.platform/Developer/SDKs/MacOSX11.4.Internal.sdk/usr/local/lib'

current directory: /Users/buhe/code/gitHub/rust_os_study/.vendor/bundle/ruby/2.6.0/gems/serialport-1.3.1/ext/native
make "DESTDIR=" install
/usr/bin/install -c -m 0755 serialport.bundle ./.gem.20210718-13190-igypz
